app/build/intermediates/manifest_merge_blame_file/debug/processDebugMainManifest/manifest-merger-blame-debug-report.txt
1<?xml version="1.0" encoding="utf-8"?>
2<manifest xmlns:android="http://schemas.android.com/apk/res/android"
3    package="com.upn3.proyecto_finanzas_personales"
4    android:versionCode="1"
5    android:versionName="1.0" >
6
7    <uses-sdk
7-->INJECTED
8        android:minSdkVersion="31"
8-->INJECTED
9        android:targetSdkVersion="36" />
9-->INJECTED
10
11    <uses-permission android:name="android.permission.INTERNET" />
11-->src\main\AndroidManifest.xml:5:5-67
11-->src\main\AndroidManifest.xml:5:22-64
12    <uses-permission android:name="android.permission.ACCESS_FINE_LOCATION" />
12-->src\main\AndroidManifest.xml:6:5-79
12-->src\main\AndroidManifest.xml:6:22-76
13    <uses-permission android:name="android.permission.ACCESS_COARSE_LOCATION" />
13-->src\main\AndroidManifest.xml:7:5-81
13-->src\main\AndroidManifest.xml:7:22-78
14
15    <queries>
15-->[com.vanniktech:android-image-cropper:4.7.0] AndroidManifest.xml:7:5-18:15
16        <intent>
16-->[com.vanniktech:android-image-cropper:4.7.0] AndroidManifest.xml:8:9-14:18
17            <action android:name="android.intent.action.GET_CONTENT" />
17-->[com.vanniktech:android-image-cropper:4.7.0] AndroidManifest.xml:9:13-72
17-->[com.vanniktech:android-image-cropper:4.7.0] AndroidManifest.xml:9:21-69
18
19            <category android:name="android.intent.category.OPENABLE" />
19-->[com.vanniktech:android-image-cropper:4.7.0] AndroidManifest.xml:11:13-73
19-->[com.vanniktech:android-image-cropper:4.7.0] AndroidManifest.xml:11:23-70
20
21            <data android:mimeType="*/*" />
21-->[com.vanniktech:android-image-cropper:4.7.0] AndroidManifest.xml:13:13-44
21-->[com.vanniktech:android-image-cropper:4.7.0] AndroidManifest.xml:13:19-41
22        </intent>
23        <intent>
23-->[com.vanniktech:android-image-cropper:4.7.0] AndroidManifest.xml:15:9-17:18
24            <action android:name="android.media.action.IMAGE_CAPTURE" />
24-->[com.vanniktech:android-image-cropper:4.7.0] AndroidManifest.xml:16:13-73
24-->[com.vanniktech:android-image-cropper:4.7.0] AndroidManifest.xml:16:21-70
25        </intent>
26        <!-- Needs to be explicitly declared on Android R+ -->
27        <package android:name="com.google.android.apps.maps" />
27-->[com.google.android.gms:play-services-maps:19.0.0] AndroidManifest.xml:33:9-64
27-->[com.google.android.gms:play-services-maps:19.0.0] AndroidManifest.xml:33:18-61
28    </queries>
29
30    <uses-permission android:name="android.permission.ACCESS_NETWORK_STATE" />
30-->[com.google.firebase:firebase-auth:24.1.0] AndroidManifest.xml:26:5-79
30-->[com.google.firebase:firebase-auth:24.1.0] AndroidManifest.xml:26:22-76
31    <uses-permission android:name="android.permission.USE_BIOMETRIC" /> <!-- suppress DeprecatedClassUsageInspection -->
31-->[androidx.biometric:biometric:1.1.0] AndroidManifest.xml:24:5-72
31-->[androidx.biometric:biometric:1.1.0] AndroidManifest.xml:24:22-69
32    <uses-permission android:name="android.permission.USE_FINGERPRINT" />
32-->[androidx.biometric:biometric:1.1.0] AndroidManifest.xml:27:5-74
32-->[androidx.biometric:biometric:1.1.0] AndroidManifest.xml:27:22-71
33
34    <uses-feature
34-->[com.google.android.gms:play-services-maps:19.0.0] AndroidManifest.xml:26:5-28:35
35        android:glEsVersion="0x00020000"
35-->[com.google.android.gms:play-services-maps:19.0.0] AndroidManifest.xml:27:9-41
36        android:required="true" />
36-->[com.google.android.gms:play-services-maps:19.0.0] AndroidManifest.xml:28:9-32
37
38    <uses-permission android:name="com.google.android.providers.gsf.permission.READ_GSERVICES" />
38-->[com.google.android.recaptcha:recaptcha:18.6.1] AndroidManifest.xml:9:5-98
38-->[com.google.android.recaptcha:recaptcha:18.6.1] AndroidManifest.xml:9:22-95
39
40    <permission
40-->[androidx.core:core:1.18.0] AndroidManifest.xml:22:5-24:47
41        android:name="com.upn3.proyecto_finanzas_personales.DYNAMIC_RECEIVER_NOT_EXPORTED_PERMISSION"
41-->[androidx.core:core:1.18.0] AndroidManifest.xml:23:9-81
42        android:protectionLevel="signature" />
42-->[androidx.core:core:1.18.0] AndroidManifest.xml:24:9-44
43
44    <uses-permission android:name="com.upn3.proyecto_finanzas_personales.DYNAMIC_RECEIVER_NOT_EXPORTED_PERMISSION" />
44-->[androidx.core:core:1.18.0] AndroidManifest.xml:26:5-97
44-->[androidx.core:core:1.18.0] AndroidManifest.xml:26:22-94
45
46    <application
46-->src\main\AndroidManifest.xml:9:5-42:19
47        android:allowBackup="true"
47-->src\main\AndroidManifest.xml:10:9-35
48        android:appComponentFactory="androidx.core.app.CoreComponentFactory"
48-->[androidx.core:core:1.18.0] AndroidManifest.xml:28:18-86
49        android:dataExtractionRules="@xml/data_extraction_rules"
49-->src\main\AndroidManifest.xml:11:9-65
50        android:debuggable="true"
51        android:extractNativeLibs="false"
51-->INJECTED
52        android:fullBackupContent="@xml/backup_rules"
52-->src\main\AndroidManifest.xml:12:9-54
53        android:icon="@mipmap/ic_launcher"
53-->src\main\AndroidManifest.xml:13:9-43
54        android:label="@string/app_name"
54-->src\main\AndroidManifest.xml:14:9-41
55        android:roundIcon="@mipmap/ic_launcher_round"
55-->src\main\AndroidManifest.xml:15:9-54
56        android:supportsRtl="true"
56-->src\main\AndroidManifest.xml:16:9-35
57        android:testOnly="true"
58        android:theme="@style/Theme.Proyecto_Finanzas_Personales" >
58-->src\main\AndroidManifest.xml:17:9-66
59        <activity
59-->src\main\AndroidManifest.xml:18:9-21:72
60            android:name="com.yalantis.ucrop.UCropActivity"
60-->src\main\AndroidManifest.xml:19:13-60
61            android:screenOrientation="portrait"
61-->src\main\AndroidManifest.xml:20:13-49
62            android:theme="@style/Theme.AppCompat.Light.NoActionBar" />
62-->src\main\AndroidManifest.xml:21:13-69
63        <activity
63-->src\main\AndroidManifest.xml:22:9-32:20
64            android:name="com.upn3.proyecto_finanzas_personales.MainActivity"
64-->src\main\AndroidManifest.xml:23:13-41
65            android:exported="true"
65-->src\main\AndroidManifest.xml:24:13-36
66            android:label="@string/app_name"
66-->src\main\AndroidManifest.xml:25:13-45
67            android:theme="@style/Theme.Proyecto_Finanzas_Personales" >
67-->src\main\AndroidManifest.xml:26:13-70
68            <intent-filter>
68-->src\main\AndroidManifest.xml:27:13-31:29
69                <action android:name="android.intent.action.MAIN" />
69-->src\main\AndroidManifest.xml:28:17-69
69-->src\main\AndroidManifest.xml:28:25-66
70
71                <category android:name="android.intent.category.LAUNCHER" />
71-->src\main\AndroidManifest.xml:30:17-77
71-->src\main\AndroidManifest.xml:30:27-74
72            </intent-filter>
73        </activity>
74
75        <meta-data
75-->INJECTED
76            android:name="com.google.android.geo.API_KEY"
76-->src\main\AndroidManifest.xml:35:13-58
77            android:value="AIzaSyBon6Pt5jVDK0jX43oYn_X3mFGsrIlRaFY" />
77-->INJECTED
78        <meta-data
78-->src\main\AndroidManifest.xml:38:9-40:35
79            android:name="com.google.mlkit.vision.DEPENDENCIES"
79-->src\main\AndroidManifest.xml:39:13-64
80            android:value="ocr" />
80-->src\main\AndroidManifest.xml:40:13-32
81
82        <provider
82-->[com.vanniktech:android-image-cropper:4.7.0] AndroidManifest.xml:21:9-29:20
83            android:name="com.canhub.cropper.CropFileProvider"
83-->[com.vanniktech:android-image-cropper:4.7.0] AndroidManifest.xml:22:13-63
84            android:authorities="com.upn3.proyecto_finanzas_personales.cropper.fileprovider"
84-->[com.vanniktech:android-image-cropper:4.7.0] AndroidManifest.xml:23:13-72
85            android:exported="false"
85-->[com.vanniktech:android-image-cropper:4.7.0] AndroidManifest.xml:24:13-37
86            android:grantUriPermissions="true" >
86-->[com.vanniktech:android-image-cropper:4.7.0] AndroidManifest.xml:25:13-47
87            <meta-data
87-->[com.vanniktech:android-image-cropper:4.7.0] AndroidManifest.xml:26:13-28:70
88                android:name="android.support.FILE_PROVIDER_PATHS"
88-->[com.vanniktech:android-image-cropper:4.7.0] AndroidManifest.xml:27:17-67
89                android:resource="@xml/cropper_library_file_paths" />
89-->[com.vanniktech:android-image-cropper:4.7.0] AndroidManifest.xml:28:17-67
90        </provider>
91
92        <activity
92-->[com.vanniktech:android-image-cropper:4.7.0] AndroidManifest.xml:31:9-33:39
93            android:name="com.canhub.cropper.CropImageActivity"
93-->[com.vanniktech:android-image-cropper:4.7.0] AndroidManifest.xml:32:13-64
94            android:exported="true" />
94-->[com.vanniktech:android-image-cropper:4.7.0] AndroidManifest.xml:33:13-36
95        <activity
95-->[com.google.firebase:firebase-auth:24.1.0] AndroidManifest.xml:29:9-46:20
96            android:name="com.google.firebase.auth.internal.GenericIdpActivity"
96-->[com.google.firebase:firebase-auth:24.1.0] AndroidManifest.xml:30:13-80
97            android:excludeFromRecents="true"
97-->[com.google.firebase:firebase-auth:24.1.0] AndroidManifest.xml:31:13-46
98            android:exported="true"
98-->[com.google.firebase:firebase-auth:24.1.0] AndroidManifest.xml:32:13-36
99            android:launchMode="singleTask"
99-->[com.google.firebase:firebase-auth:24.1.0] AndroidManifest.xml:33:13-44
100            android:theme="@android:style/Theme.Translucent.NoTitleBar" >
100-->[com.google.firebase:firebase-auth:24.1.0] AndroidManifest.xml:34:13-72
101            <intent-filter>
101-->[com.google.firebase:firebase-auth:24.1.0] AndroidManifest.xml:35:13-45:29
102                <action android:name="android.intent.action.VIEW" />
102-->[com.google.firebase:firebase-auth:24.1.0] AndroidManifest.xml:36:17-69
102-->[com.google.firebase:firebase-auth:24.1.0] AndroidManifest.xml:36:25-66
103
104                <category android:name="android.intent.category.DEFAULT" />
104-->[com.google.firebase:firebase-auth:24.1.0] AndroidManifest.xml:38:17-76
104-->[com.google.firebase:firebase-auth:24.1.0] AndroidManifest.xml:38:27-73
105                <category android:name="android.intent.category.BROWSABLE" />
105-->[com.google.firebase:firebase-auth:24.1.0] AndroidManifest.xml:39:17-78
105-->[com.google.firebase:firebase-auth:24.1.0] AndroidManifest.xml:39:27-75
106
107                <data
107-->[com.vanniktech:android-image-cropper:4.7.0] AndroidManifest.xml:13:13-44
108                    android:host="firebase.auth"
109                    android:path="/"
110                    android:scheme="genericidp" />
111            </intent-filter>
112        </activity>
113        <activity
113-->[com.google.firebase:firebase-auth:24.1.0] AndroidManifest.xml:47:9-64:20
114            android:name="com.google.firebase.auth.internal.RecaptchaActivity"
114-->[com.google.firebase:firebase-auth:24.1.0] AndroidManifest.xml:48:13-79
115            android:excludeFromRecents="true"
115-->[com.google.firebase:firebase-auth:24.1.0] AndroidManifest.xml:49:13-46
116            android:exported="true"
116-->[com.google.firebase:firebase-auth:24.1.0] AndroidManifest.xml:50:13-36
117            android:launchMode="singleTask"
117-->[com.google.firebase:firebase-auth:24.1.0] AndroidManifest.xml:51:13-44
118            android:theme="@android:style/Theme.Translucent.NoTitleBar" >
118-->[com.google.firebase:firebase-auth:24.1.0] AndroidManifest.xml:52:13-72
119            <intent-filter>
119-->[com.google.firebase:firebase-auth:24.1.0] AndroidManifest.xml:53:13-63:29
120                <action android:name="android.intent.action.VIEW" />
120-->[com.google.firebase:firebase-auth:24.1.0] AndroidManifest.xml:36:17-69
120-->[com.google.firebase:firebase-auth:24.1.0] AndroidManifest.xml:36:25-66
121
122                <category android:name="android.intent.category.DEFAULT" />
122-->[com.google.firebase:firebase-auth:24.1.0] AndroidManifest.xml:38:17-76
122-->[com.google.firebase:firebase-auth:24.1.0] AndroidManifest.xml:38:27-73
123                <category android:name="android.intent.category.BROWSABLE" />
123-->[com.google.firebase:firebase-auth:24.1.0] AndroidManifest.xml:39:17-78
123-->[com.google.firebase:firebase-auth:24.1.0] AndroidManifest.xml:39:27-75
124
125                <data
125-->[com.vanniktech:android-image-cropper:4.7.0] AndroidManifest.xml:13:13-44
126                    android:host="firebase.auth"
127                    android:path="/"
128                    android:scheme="recaptcha" />
129            </intent-filter>
130        </activity>
131
132        <service
132-->[com.google.firebase:firebase-auth:24.1.0] AndroidManifest.xml:66:9-72:19
133            android:name="com.google.firebase.components.ComponentDiscoveryService"
133-->[com.google.firebase:firebase-auth:24.1.0] AndroidManifest.xml:67:13-84
134            android:directBootAware="true"
134-->[com.google.firebase:firebase-common:22.0.1] AndroidManifest.xml:32:13-43
135            android:exported="false" >
135-->[com.google.firebase:firebase-auth:24.1.0] AndroidManifest.xml:68:13-37
136            <meta-data
136-->[com.google.firebase:firebase-auth:24.1.0] AndroidManifest.xml:69:13-71:85
137                android:name="com.google.firebase.components:com.google.firebase.auth.FirebaseAuthRegistrar"
137-->[com.google.firebase:firebase-auth:24.1.0] AndroidManifest.xml:70:17-109
138                android:value="com.google.firebase.components.ComponentRegistrar" />
138-->[com.google.firebase:firebase-auth:24.1.0] AndroidManifest.xml:71:17-82
139            <meta-data
139-->[com.google.firebase:firebase-firestore:26.3.0] AndroidManifest.xml:17:13-19:85
140                android:name="com.google.firebase.components:com.google.firebase.firestore.FirebaseFirestoreKtxRegistrar"
140-->[com.google.firebase:firebase-firestore:26.3.0] AndroidManifest.xml:18:17-122
141                android:value="com.google.firebase.components.ComponentRegistrar" />
141-->[com.google.firebase:firebase-firestore:26.3.0] AndroidManifest.xml:19:17-82
142            <meta-data
142-->[com.google.firebase:firebase-firestore:26.3.0] AndroidManifest.xml:20:13-22:85
143                android:name="com.google.firebase.components:com.google.firebase.firestore.FirestoreRegistrar"
143-->[com.google.firebase:firebase-firestore:26.3.0] AndroidManifest.xml:21:17-111
144                android:value="com.google.firebase.components.ComponentRegistrar" />
144-->[com.google.firebase:firebase-firestore:26.3.0] AndroidManifest.xml:22:17-82
145            <meta-data
145-->[com.google.firebase:firebase-storage-ktx:21.0.1] AndroidManifest.xml:12:13-14:85
146                android:name="com.google.firebase.components:com.google.firebase.storage.ktx.FirebaseStorageLegacyRegistrar"
146-->[com.google.firebase:firebase-storage-ktx:21.0.1] AndroidManifest.xml:13:17-125
147                android:value="com.google.firebase.components.ComponentRegistrar" />
147-->[com.google.firebase:firebase-storage-ktx:21.0.1] AndroidManifest.xml:14:17-82
148            <meta-data
148-->[com.google.firebase:firebase-storage:22.0.1] AndroidManifest.xml:30:13-32:85
149                android:name="com.google.firebase.components:com.google.firebase.storage.FirebaseStorageKtxRegistrar"
149-->[com.google.firebase:firebase-storage:22.0.1] AndroidManifest.xml:31:17-118
150                android:value="com.google.firebase.components.ComponentRegistrar" />
150-->[com.google.firebase:firebase-storage:22.0.1] AndroidManifest.xml:32:17-82
151            <meta-data
151-->[com.google.firebase:firebase-storage:22.0.1] AndroidManifest.xml:33:13-35:85
152                android:name="com.google.firebase.components:com.google.firebase.storage.StorageRegistrar"
152-->[com.google.firebase:firebase-storage:22.0.1] AndroidManifest.xml:34:17-107
153                android:value="com.google.firebase.components.ComponentRegistrar" />
153-->[com.google.firebase:firebase-storage:22.0.1] AndroidManifest.xml:35:17-82
154            <meta-data
154-->[com.google.firebase:firebase-appcheck:18.0.0] AndroidManifest.xml:25:13-27:85
155                android:name="com.google.firebase.components:com.google.firebase.appcheck.FirebaseAppCheckKtxRegistrar"
155-->[com.google.firebase:firebase-appcheck:18.0.0] AndroidManifest.xml:26:17-120
156                android:value="com.google.firebase.components.ComponentRegistrar" />
156-->[com.google.firebase:firebase-appcheck:18.0.0] AndroidManifest.xml:27:17-82
157            <meta-data
157-->[com.google.firebase:firebase-appcheck:18.0.0] AndroidManifest.xml:28:13-30:85
158                android:name="com.google.firebase.components:com.google.firebase.appcheck.FirebaseAppCheckRegistrar"
158-->[com.google.firebase:firebase-appcheck:18.0.0] AndroidManifest.xml:29:17-117
159                android:value="com.google.firebase.components.ComponentRegistrar" />
159-->[com.google.firebase:firebase-appcheck:18.0.0] AndroidManifest.xml:30:17-82
160            <meta-data
160-->[com.google.firebase:firebase-common-ktx:21.0.0] AndroidManifest.xml:12:13-14:85
161                android:name="com.google.firebase.components:com.google.firebase.ktx.FirebaseCommonLegacyRegistrar"
161-->[com.google.firebase:firebase-common-ktx:21.0.0] AndroidManifest.xml:13:17-116
162                android:value="com.google.firebase.components.ComponentRegistrar" />
162-->[com.google.firebase:firebase-common-ktx:21.0.0] AndroidManifest.xml:14:17-82
163            <meta-data
163-->[com.google.firebase:firebase-common:22.0.1] AndroidManifest.xml:35:13-37:85
164                android:name="com.google.firebase.components:com.google.firebase.FirebaseCommonKtxRegistrar"
164-->[com.google.firebase:firebase-common:22.0.1] AndroidManifest.xml:36:17-109
165                android:value="com.google.firebase.components.ComponentRegistrar" />
165-->[com.google.firebase:firebase-common:22.0.1] AndroidManifest.xml:37:17-82
166        </service>
167        <service
167-->[androidx.credentials:credentials-play-services-auth:1.6.0] AndroidManifest.xml:24:9-32:19
168            android:name="androidx.credentials.playservices.CredentialProviderMetadataHolder"
168-->[androidx.credentials:credentials-play-services-auth:1.6.0] AndroidManifest.xml:25:13-94
169            android:enabled="true"
169-->[androidx.credentials:credentials-play-services-auth:1.6.0] AndroidManifest.xml:26:13-35
170            android:exported="false" >
170-->[androidx.credentials:credentials-play-services-auth:1.6.0] AndroidManifest.xml:27:13-37
171            <meta-data
171-->[androidx.credentials:credentials-play-services-auth:1.6.0] AndroidManifest.xml:29:13-31:104
172                android:name="androidx.credentials.CREDENTIAL_PROVIDER_KEY"
172-->[androidx.credentials:credentials-play-services-auth:1.6.0] AndroidManifest.xml:30:17-76
173                android:value="androidx.credentials.playservices.CredentialProviderPlayServicesImpl" />
173-->[androidx.credentials:credentials-play-services-auth:1.6.0] AndroidManifest.xml:31:17-101
174        </service>
175
176        <activity
176-->[androidx.credentials:credentials-play-services-auth:1.6.0] AndroidManifest.xml:34:9-41:20
177            android:name="androidx.credentials.playservices.controllers.identityauth.HiddenActivity"
177-->[androidx.credentials:credentials-play-services-auth:1.6.0] AndroidManifest.xml:35:13-101
178            android:configChanges="orientation|screenSize|screenLayout|keyboardHidden"
178-->[androidx.credentials:credentials-play-services-auth:1.6.0] AndroidManifest.xml:36:13-87
179            android:enabled="true"
179-->[androidx.credentials:credentials-play-services-auth:1.6.0] AndroidManifest.xml:37:13-35
180            android:exported="false"
180-->[androidx.credentials:credentials-play-services-auth:1.6.0] AndroidManifest.xml:38:13-37
181            android:fitsSystemWindows="true"
181-->[androidx.credentials:credentials-play-services-auth:1.6.0] AndroidManifest.xml:39:13-45
182            android:theme="@style/Theme.Hidden" >
182-->[androidx.credentials:credentials-play-services-auth:1.6.0] AndroidManifest.xml:40:13-48
183        </activity>
184        <activity
184-->[androidx.credentials:credentials-play-services-auth:1.6.0] AndroidManifest.xml:42:9-49:20
185            android:name="androidx.credentials.playservices.controllers.identitycredentials.IdentityCredentialApiHiddenActivity"
185-->[androidx.credentials:credentials-play-services-auth:1.6.0] AndroidManifest.xml:43:13-129
186            android:configChanges="orientation|screenSize|screenLayout|keyboardHidden"
186-->[androidx.credentials:credentials-play-services-auth:1.6.0] AndroidManifest.xml:44:13-87
187            android:enabled="true"
187-->[androidx.credentials:credentials-play-services-auth:1.6.0] AndroidManifest.xml:45:13-35
188            android:exported="false"
188-->[androidx.credentials:credentials-play-services-auth:1.6.0] AndroidManifest.xml:46:13-37
189            android:fitsSystemWindows="true"
189-->[androidx.credentials:credentials-play-services-auth:1.6.0] AndroidManifest.xml:47:13-45
190            android:theme="@style/Theme.Hidden" >
190-->[androidx.credentials:credentials-play-services-auth:1.6.0] AndroidManifest.xml:48:13-48
191        </activity>
192        <activity
192-->[androidx.compose.ui:ui-tooling-android:1.10.4] AndroidManifest.xml:23:9-25:39
193            android:name="androidx.compose.ui.tooling.PreviewActivity"
193-->[androidx.compose.ui:ui-tooling-android:1.10.4] AndroidManifest.xml:24:13-71
194            android:exported="true" /> <!-- Needs to be explicitly declared on P+ -->
194-->[androidx.compose.ui:ui-tooling-android:1.10.4] AndroidManifest.xml:25:13-36
195        <uses-library
195-->[com.google.android.gms:play-services-maps:19.0.0] AndroidManifest.xml:39:9-41:40
196            android:name="org.apache.http.legacy"
196-->[com.google.android.gms:play-services-maps:19.0.0] AndroidManifest.xml:40:13-50
197            android:required="false" />
197-->[com.google.android.gms:play-services-maps:19.0.0] AndroidManifest.xml:41:13-37
198
199        <activity
199-->[com.google.android.gms:play-services-auth:21.1.1] AndroidManifest.xml:23:9-27:75
200            android:name="com.google.android.gms.auth.api.signin.internal.SignInHubActivity"
200-->[com.google.android.gms:play-services-auth:21.1.1] AndroidManifest.xml:24:13-93
201            android:excludeFromRecents="true"
201-->[com.google.android.gms:play-services-auth:21.1.1] AndroidManifest.xml:25:13-46
202            android:exported="false"
202-->[com.google.android.gms:play-services-auth:21.1.1] AndroidManifest.xml:26:13-37
203            android:theme="@android:style/Theme.Translucent.NoTitleBar" />
203-->[com.google.android.gms:play-services-auth:21.1.1] AndroidManifest.xml:27:13-72
204        <!--
205            Service handling Google Sign-In user revocation. For apps that do not integrate with
206            Google Sign-In, this service will never be started.
207        -->
208        <service
208-->[com.google.android.gms:play-services-auth:21.1.1] AndroidManifest.xml:33:9-37:51
209            android:name="com.google.android.gms.auth.api.signin.RevocationBoundService"
209-->[com.google.android.gms:play-services-auth:21.1.1] AndroidManifest.xml:34:13-89
210            android:exported="true"
210-->[com.google.android.gms:play-services-auth:21.1.1] AndroidManifest.xml:35:13-36
211            android:permission="com.google.android.gms.auth.api.signin.permission.REVOCATION_NOTIFICATION"
211-->[com.google.android.gms:play-services-auth:21.1.1] AndroidManifest.xml:36:13-107
212            android:visibleToInstantApps="true" />
212-->[com.google.android.gms:play-services-auth:21.1.1] AndroidManifest.xml:37:13-48
213
214        <activity
214-->[com.google.android.gms:play-services-base:18.9.0] AndroidManifest.xml:20:9-22:45
215            android:name="com.google.android.gms.common.api.GoogleApiActivity"
215-->[com.google.android.gms:play-services-base:18.9.0] AndroidManifest.xml:20:19-85
216            android:exported="false"
216-->[com.google.android.gms:play-services-base:18.9.0] AndroidManifest.xml:22:19-43
217            android:theme="@android:style/Theme.Translucent.NoTitleBar" />
217-->[com.google.android.gms:play-services-base:18.9.0] AndroidManifest.xml:21:19-78
218
219        <provider
219-->[com.google.firebase:firebase-common:22.0.1] AndroidManifest.xml:23:9-28:39
220            android:name="com.google.firebase.provider.FirebaseInitProvider"
220-->[com.google.firebase:firebase-common:22.0.1] AndroidManifest.xml:24:13-77
221            android:authorities="com.upn3.proyecto_finanzas_personales.firebaseinitprovider"
221-->[com.google.firebase:firebase-common:22.0.1] AndroidManifest.xml:25:13-72
222            android:directBootAware="true"
222-->[com.google.firebase:firebase-common:22.0.1] AndroidManifest.xml:26:13-43
223            android:exported="false"
223-->[com.google.firebase:firebase-common:22.0.1] AndroidManifest.xml:27:13-37
224            android:initOrder="100" />
224-->[com.google.firebase:firebase-common:22.0.1] AndroidManifest.xml:28:13-36
225
226        <service
226-->[androidx.room:room-runtime-android:2.7.0-alpha11] AndroidManifest.xml:24:9-28:63
227            android:name="androidx.room.MultiInstanceInvalidationService"
227-->[androidx.room:room-runtime-android:2.7.0-alpha11] AndroidManifest.xml:25:13-74
228            android:directBootAware="true"
228-->[androidx.room:room-runtime-android:2.7.0-alpha11] AndroidManifest.xml:26:13-43
229            android:exported="false" />
229-->[androidx.room:room-runtime-android:2.7.0-alpha11] AndroidManifest.xml:27:13-37
230
231        <uses-library
231-->[androidx.window:window:1.5.0] AndroidManifest.xml:23:9-25:40
232            android:name="androidx.window.extensions"
232-->[androidx.window:window:1.5.0] AndroidManifest.xml:24:13-54
233            android:required="false" />
233-->[androidx.window:window:1.5.0] AndroidManifest.xml:25:13-37
234        <uses-library
234-->[androidx.window:window:1.5.0] AndroidManifest.xml:26:9-28:40
235            android:name="androidx.window.sidecar"
235-->[androidx.window:window:1.5.0] AndroidManifest.xml:27:13-51
236            android:required="false" />
236-->[androidx.window:window:1.5.0] AndroidManifest.xml:28:13-37
237
238        <provider
238-->[androidx.emoji2:emoji2:1.4.0] AndroidManifest.xml:24:9-32:20
239            android:name="androidx.startup.InitializationProvider"
239-->[androidx.emoji2:emoji2:1.4.0] AndroidManifest.xml:25:13-67
240            android:authorities="com.upn3.proyecto_finanzas_personales.androidx-startup"
240-->[androidx.emoji2:emoji2:1.4.0] AndroidManifest.xml:26:13-68
241            android:exported="false" >
241-->[androidx.emoji2:emoji2:1.4.0] AndroidManifest.xml:27:13-37
242            <meta-data
242-->[androidx.emoji2:emoji2:1.4.0] AndroidManifest.xml:29:13-31:52
243                android:name="androidx.emoji2.text.EmojiCompatInitializer"
243-->[androidx.emoji2:emoji2:1.4.0] AndroidManifest.xml:30:17-75
244                android:value="androidx.startup" />
244-->[androidx.emoji2:emoji2:1.4.0] AndroidManifest.xml:31:17-49
245            <meta-data
245-->[androidx.lifecycle:lifecycle-process:2.10.0] AndroidManifest.xml:29:13-31:52
246                android:name="androidx.lifecycle.ProcessLifecycleInitializer"
246-->[androidx.lifecycle:lifecycle-process:2.10.0] AndroidManifest.xml:30:17-78
247                android:value="androidx.startup" />
247-->[androidx.lifecycle:lifecycle-process:2.10.0] AndroidManifest.xml:31:17-49
248            <meta-data
248-->[androidx.profileinstaller:profileinstaller:1.4.0] AndroidManifest.xml:29:13-31:52
249                android:name="androidx.profileinstaller.ProfileInstallerInitializer"
249-->[androidx.profileinstaller:profileinstaller:1.4.0] AndroidManifest.xml:30:17-85
250                android:value="androidx.startup" />
250-->[androidx.profileinstaller:profileinstaller:1.4.0] AndroidManifest.xml:31:17-49
251        </provider>
252
253        <meta-data
253-->[com.google.android.gms:play-services-basement:18.9.0] AndroidManifest.xml:21:9-23:69
254            android:name="com.google.android.gms.version"
254-->[com.google.android.gms:play-services-basement:18.9.0] AndroidManifest.xml:22:13-58
255            android:value="@integer/google_play_services_version" />
255-->[com.google.android.gms:play-services-basement:18.9.0] AndroidManifest.xml:23:13-66
256
257        <activity
257-->[androidx.compose.ui:ui-test-manifest:1.10.4] AndroidManifest.xml:23:9-26:79
258            android:name="androidx.activity.ComponentActivity"
258-->[androidx.compose.ui:ui-test-manifest:1.10.4] AndroidManifest.xml:24:13-63
259            android:exported="true"
259-->[androidx.compose.ui:ui-test-manifest:1.10.4] AndroidManifest.xml:25:13-36
260            android:theme="@android:style/Theme.Material.Light.NoActionBar" />
260-->[androidx.compose.ui:ui-test-manifest:1.10.4] AndroidManifest.xml:26:13-76
261
262        <receiver
262-->[androidx.profileinstaller:profileinstaller:1.4.0] AndroidManifest.xml:34:9-52:20
263            android:name="androidx.profileinstaller.ProfileInstallReceiver"
263-->[androidx.profileinstaller:profileinstaller:1.4.0] AndroidManifest.xml:35:13-76
264            android:directBootAware="false"
264-->[androidx.profileinstaller:profileinstaller:1.4.0] AndroidManifest.xml:36:13-44
265            android:enabled="true"
265-->[androidx.profileinstaller:profileinstaller:1.4.0] AndroidManifest.xml:37:13-35
266            android:exported="true"
266-->[androidx.profileinstaller:profileinstaller:1.4.0] AndroidManifest.xml:38:13-36
267            android:permission="android.permission.DUMP" >
267-->[androidx.profileinstaller:profileinstaller:1.4.0] AndroidManifest.xml:39:13-57
268            <intent-filter>
268-->[androidx.profileinstaller:profileinstaller:1.4.0] AndroidManifest.xml:40:13-42:29
269                <action android:name="androidx.profileinstaller.action.INSTALL_PROFILE" />